<?xml version="1.0" encoding="UTF-8"?>
<!-- Generated by org.testng.reporters.JUnitXMLReporter -->
<testsuite ignored="0" hostname="Ruiz_Toledo" failures="1" tests="3" name="Error Validations Test" time="36.229" errors="0" timestamp="2025-10-05T17:25:07 CST">
  <testcase classname="raulruiz.tests.ErrorValidationsTest" name="LoginErrorValidation" time="1.247">
    <skipped/>
  </testcase> <!-- LoginErrorValidation -->
  <testcase classname="raulruiz.tests.ErrorValidationsTest" name="LoginErrorValidation" time="3.689">
    <failure type="java.lang.AssertionError" message="expected [Incorrect email or password.] but found [Incorrect email password.]">
      <![CDATA[java.lang.AssertionError: expected [Incorrect email or password.] but found [Incorrect email password.]
at raulruiz.tests.ErrorValidationsTest.LoginErrorValidation(ErrorValidationsTest.java:18)
at java.base/java.util.ArrayList.forEach(ArrayList.java:1596)
at java.base/java.util.concurrent.FutureTask.run(FutureTask.java:317)
at java.base/java.util.concurrent.ThreadPoolExecutor.runWorker(ThreadPoolExecutor.java:1144)
at java.base/java.util.concurrent.ThreadPoolExecutor$Worker.run(ThreadPoolExecutor.java:642)
at java.base/java.lang.Thread.run(Thread.java:1583)
... Removed 21 stack frames]]>
    </failure>
  </testcase> <!-- LoginErrorValidation -->
  <testcase classname="raulruiz.tests.ErrorValidationsTest" name="ProductErrorValidation" time="3.747"/>
</testsuite> <!-- Error Validations Test -->
